CRITICAL - 2023-10-29 07:20:22 --> Invalid file: "inc/nav.php"
in SYSTEMPATH\Exceptions\FrameworkException.php on line 39.
 1 SYSTEMPATH\View\View.php(214): CodeIgniter\Exceptions\FrameworkException::forInvalidFile('inc/nav.php')
 2 SYSTEMPATH\View\View.php(467): CodeIgniter\View\View->render('inc/nav', null, true)
 3 APPPATH\Views\inc\una.php(1): CodeIgniter\View\View->include('inc/nav')
 4 SYSTEMPATH\View\View.php(226): include('C:\\laragon\\www\\backend\\app\\Views\\inc\\una.php')
 5 SYSTEMPATH\View\View.php(229): CodeIgniter\View\View->CodeIgniter\View\{closure}()
 6 SYSTEMPATH\View\View.php(467): CodeIgniter\View\View->render('inc/una', null, true)
 7 APPPATH\Views\index.php(3): CodeIgniter\View\View->include('inc/una')
 8 SYSTEMPATH\View\View.php(226): include('C:\\laragon\\www\\backend\\app\\Views\\index.php')
 9 SYSTEMPATH\View\View.php(229): CodeIgniter\View\View->CodeIgniter\View\{closure}()
10 SYSTEMPATH\Common.php(1188): CodeIgniter\View\View->render('index', [], true)
11 APPPATH\Controllers\Home.php(9): view('index')
12 SYSTEMPATH\CodeIgniter.php(919): App\Controllers\Home->index()
13 SYSTEMPATH\CodeIgniter.php(494): CodeIgniter\CodeIgniter->runController(Object(App\Controllers\Home))
14 SYSTEMPATH\CodeIgniter.php(353): CodeIgniter\CodeIgniter->handleRequest(null, Object(Config\Cache), false)
15 FCPATH\index.php(79): CodeIgniter\CodeIgniter->run()
16 SYSTEMPATH\Commands\Server\rewrite.php(47): require_once('C:\\laragon\\www\\backend\\public\\index.php')
CRITICAL - 2023-10-29 07:20:44 --> Allowed memory size of 536870912 bytes exhausted (tried to allocate 32768 bytes)
in APPPATH\Views\inc\una.php on line 1.
 1 [internal function]: CodeIgniter\Debug\Exceptions->shutdownHandler()
CRITICAL - 2023-10-29 07:21:15 --> Invalid file: "inc/nav.php"
in SYSTEMPATH\Exceptions\FrameworkException.php on line 39.
 1 SYSTEMPATH\View\View.php(214): CodeIgniter\Exceptions\FrameworkException::forInvalidFile('inc/nav.php')
 2 SYSTEMPATH\View\View.php(467): CodeIgniter\View\View->render('inc/nav', null, true)
 3 APPPATH\Views\inc\una.php(3): CodeIgniter\View\View->include('inc/nav')
 4 SYSTEMPATH\View\View.php(226): include('C:\\laragon\\www\\backend\\app\\Views\\inc\\una.php')
 5 SYSTEMPATH\View\View.php(229): CodeIgniter\View\View->CodeIgniter\View\{closure}()
 6 SYSTEMPATH\View\View.php(467): CodeIgniter\View\View->render('inc/una', null, true)
 7 APPPATH\Views\index.php(3): CodeIgniter\View\View->include('inc/una')
 8 SYSTEMPATH\View\View.php(226): include('C:\\laragon\\www\\backend\\app\\Views\\index.php')
 9 SYSTEMPATH\View\View.php(229): CodeIgniter\View\View->CodeIgniter\View\{closure}()
10 SYSTEMPATH\Common.php(1188): CodeIgniter\View\View->render('index', [], true)
11 APPPATH\Controllers\Home.php(9): view('index')
12 SYSTEMPATH\CodeIgniter.php(919): App\Controllers\Home->index()
13 SYSTEMPATH\CodeIgniter.php(494): CodeIgniter\CodeIgniter->runController(Object(App\Controllers\Home))
14 SYSTEMPATH\CodeIgniter.php(353): CodeIgniter\CodeIgniter->handleRequest(null, Object(Config\Cache), false)
15 FCPATH\index.php(79): CodeIgniter\CodeIgniter->run()
16 SYSTEMPATH\Commands\Server\rewrite.php(47): require_once('C:\\laragon\\www\\backend\\public\\index.php')
CRITICAL - 2023-10-29 07:21:24 --> Invalid file: "inc/nav.php"
in SYSTEMPATH\Exceptions\FrameworkException.php on line 39.
 1 SYSTEMPATH\View\View.php(214): CodeIgniter\Exceptions\FrameworkException::forInvalidFile('inc/nav.php')
 2 SYSTEMPATH\View\View.php(467): CodeIgniter\View\View->render('inc/nav', null, true)
 3 APPPATH\Views\inc\una.php(26): CodeIgniter\View\View->include('inc/nav')
 4 SYSTEMPATH\View\View.php(226): include('C:\\laragon\\www\\backend\\app\\Views\\inc\\una.php')
 5 SYSTEMPATH\View\View.php(229): CodeIgniter\View\View->CodeIgniter\View\{closure}()
 6 SYSTEMPATH\View\View.php(467): CodeIgniter\View\View->render('inc/una', null, true)
 7 APPPATH\Views\index.php(3): CodeIgniter\View\View->include('inc/una')
 8 SYSTEMPATH\View\View.php(226): include('C:\\laragon\\www\\backend\\app\\Views\\index.php')
 9 SYSTEMPATH\View\View.php(229): CodeIgniter\View\View->CodeIgniter\View\{closure}()
10 SYSTEMPATH\Common.php(1188): CodeIgniter\View\View->render('index', [], true)
11 APPPATH\Controllers\Home.php(9): view('index')
12 SYSTEMPATH\CodeIgniter.php(919): App\Controllers\Home->index()
13 SYSTEMPATH\CodeIgniter.php(494): CodeIgniter\CodeIgniter->runController(Object(App\Controllers\Home))
14 SYSTEMPATH\CodeIgniter.php(353): CodeIgniter\CodeIgniter->handleRequest(null, Object(Config\Cache), false)
15 FCPATH\index.php(79): CodeIgniter\CodeIgniter->run()
16 SYSTEMPATH\Commands\Server\rewrite.php(47): require_once('C:\\laragon\\www\\backend\\public\\index.php')
