CRITICAL - 2023-10-30 10:01:33 --> Invalid file: "content/nav.php"
in SYSTEMPATH\Exceptions\FrameworkException.php on line 39.
 1 SYSTEMPATH\View\View.php(214): CodeIgniter\Exceptions\FrameworkException::forInvalidFile('content/nav.php')
 2 SYSTEMPATH\View\View.php(467): CodeIgniter\View\View->render('content/nav', null, true)
 3 APPPATH\Views\inc\una.php(26): CodeIgniter\View\View->include('content/nav')
 4 SYSTEMPATH\View\View.php(226): include('C:\\laragon\\www\\backend\\app\\Views\\inc\\una.php')
 5 SYSTEMPATH\View\View.php(229): CodeIgniter\View\View->CodeIgniter\View\{closure}()
 6 SYSTEMPATH\View\View.php(467): CodeIgniter\View\View->render('inc/una', null, true)
 7 APPPATH\Views\index.php(3): CodeIgniter\View\View->include('inc/una')
 8 SYSTEMPATH\View\View.php(226): include('C:\\laragon\\www\\backend\\app\\Views\\index.php')
 9 SYSTEMPATH\View\View.php(229): CodeIgniter\View\View->CodeIgniter\View\{closure}()
10 SYSTEMPATH\Common.php(1188): CodeIgniter\View\View->render('index', [], true)
11 APPPATH\Controllers\Home.php(9): view('index')
12 SYSTEMPATH\CodeIgniter.php(919): App\Controllers\Home->index()
13 SYSTEMPATH\CodeIgniter.php(494): CodeIgniter\CodeIgniter->runController(Object(App\Controllers\Home))
14 SYSTEMPATH\CodeIgniter.php(353): CodeIgniter\CodeIgniter->handleRequest(null, Object(Config\Cache), false)
15 FCPATH\index.php(79): CodeIgniter\CodeIgniter->run()
16 SYSTEMPATH\Commands\Server\rewrite.php(47): require_once('C:\\laragon\\www\\backend\\public\\index.php')
CRITICAL - 2023-10-30 10:02:22 --> Invalid file: "inc/destination.php"
in SYSTEMPATH\Exceptions\FrameworkException.php on line 39.
 1 SYSTEMPATH\View\View.php(214): CodeIgniter\Exceptions\FrameworkException::forInvalidFile('inc/destination.php')
 2 SYSTEMPATH\View\View.php(467): CodeIgniter\View\View->render('inc/destination', null, true)
 3 APPPATH\Views\index.php(5): CodeIgniter\View\View->include('inc/destination')
 4 SYSTEMPATH\View\View.php(226): include('C:\\laragon\\www\\backend\\app\\Views\\index.php')
 5 SYSTEMPATH\View\View.php(229): CodeIgniter\View\View->CodeIgniter\View\{closure}()
 6 SYSTEMPATH\Common.php(1188): CodeIgniter\View\View->render('index', [], true)
 7 APPPATH\Controllers\Home.php(9): view('index')
 8 SYSTEMPATH\CodeIgniter.php(919): App\Controllers\Home->index()
 9 SYSTEMPATH\CodeIgniter.php(494): CodeIgniter\CodeIgniter->runController(Object(App\Controllers\Home))
10 SYSTEMPATH\CodeIgniter.php(353): CodeIgniter\CodeIgniter->handleRequest(null, Object(Config\Cache), false)
11 FCPATH\index.php(79): CodeIgniter\CodeIgniter->run()
12 SYSTEMPATH\Commands\Server\rewrite.php(47): require_once('C:\\laragon\\www\\backend\\public\\index.php')
CRITICAL - 2023-10-30 11:55:54 --> Undefined array key "width"
in APPPATH\Views\content\destination.php on line 17.
 1 APPPATH\Views\content\destination.php(17): CodeIgniter\Debug\Exceptions->errorHandler(2, 'Undefined array key "width"', 'C:\\laragon\\www\\backend\\app\\Views\\content\\destination.php', 17)
 2 SYSTEMPATH\View\View.php(226): include('C:\\laragon\\www\\backend\\app\\Views\\content\\destination.php')
 3 SYSTEMPATH\View\View.php(229): CodeIgniter\View\View->CodeIgniter\View\{closure}()
 4 SYSTEMPATH\View\View.php(467): CodeIgniter\View\View->render('content/destination', null, true)
 5 APPPATH\Views\index.php(6): CodeIgniter\View\View->include('content/destination')
 6 SYSTEMPATH\View\View.php(226): include('C:\\laragon\\www\\backend\\app\\Views\\index.php')
 7 SYSTEMPATH\View\View.php(229): CodeIgniter\View\View->CodeIgniter\View\{closure}()
 8 SYSTEMPATH\Common.php(1188): CodeIgniter\View\View->render('index', [], true)
 9 APPPATH\Controllers\Home.php(18): view('index', [...])
10 SYSTEMPATH\CodeIgniter.php(919): App\Controllers\Home->index()
11 SYSTEMPATH\CodeIgniter.php(494): CodeIgniter\CodeIgniter->runController(Object(App\Controllers\Home))
12 SYSTEMPATH\CodeIgniter.php(353): CodeIgniter\CodeIgniter->handleRequest(null, Object(Config\Cache), false)
13 FCPATH\index.php(79): CodeIgniter\CodeIgniter->run()
14 SYSTEMPATH\Commands\Server\rewrite.php(47): require_once('C:\\laragon\\www\\backend\\public\\index.php')
